<?xml version="1.0" encoding="UTF-8"?>
<!-- Generated by org.testng.reporters.JUnitReportReporter -->
<testsuite hostname="DESKTOP-RA1A7S2" failures="0" tests="1" name="com.SauceDemo.TestClass.TC04_VerifyAllProductFunctionality" time="7.841" errors="0" timestamp="2022-10-10T16:59:46 IST" skipped="0">
  <testcase classname="com.SauceDemo.TestClass.TC04_VerifyAllProductFunctionality" name="VerifyAllProductFunctionality" time="7.841"/>
  <system-out/>
</testsuite> <!-- com.SauceDemo.TestClass.TC04_VerifyAllProductFunctionality -->
