<?xml version="1.0" encoding="UTF-8"?>
<!-- Generated by org.testng.reporters.JUnitReportReporter -->
<testsuite hostname="DESKTOP-RA1A7S2" failures="0" tests="1" name="com.SauceDemo.TestClass.TC02_VerifyLogOutFunctionality" time="2.764" errors="0" timestamp="2022-10-10T16:59:46 IST" skipped="0">
  <testcase classname="com.SauceDemo.TestClass.TC02_VerifyLogOutFunctionality" name="verifyLOgOutFunctionality" time="2.764"/>
  <system-out/>
</testsuite> <!-- com.SauceDemo.TestClass.TC02_VerifyLogOutFunctionality -->
