<?xml version="1.0" encoding="UTF-8"?>
<!-- Generated by org.testng.reporters.JUnitReportReporter -->
<testsuite hostname="DESKTOP-RA1A7S2" failures="0" tests="1" name="com.SauceDemo.TestClass.TC03_VerifyBagProductFunctionality" time="3.167" errors="0" timestamp="2022-10-10T16:59:46 IST" skipped="0">
  <testcase classname="com.SauceDemo.TestClass.TC03_VerifyBagProductFunctionality" name="VerifyBagProductFunctionality" time="3.167"/>
  <system-out/>
</testsuite> <!-- com.SauceDemo.TestClass.TC03_VerifyBagProductFunctionality -->
